\\mac\home\desktop\gamealaddin_se102_k11_thang_sound\gamealaddin_se102_k11\gamese_102_k11\debug\gameproject.exe
\\mac\home\desktop\gamealaddin_se102_k11_thang_sound\gamealaddin_se102_k11\gamese_102_k11\debug\gameproject.ilk
\\mac\home\desktop\gamealaddin_se102_k11_thang_sound\gamealaddin_se102_k11\gamese_102_k11\debug\gameproject.pdb
\\mac\home\documents\github\gamealaddin_se102_k11\gamese_102_k11\debug\gameproject.exe
\\mac\home\documents\github\gamealaddin_se102_k11\gamese_102_k11\debug\gameproject.ilk
\\mac\home\documents\github\gamealaddin_se102_k11\gamese_102_k11\debug\gameproject.pdb
\\mac\home\desktop\gamealaddin_se102_k11_thang_sound\gamealaddin_se102_k11\gamese_102_k11\gameproject\debug\vc141.pdb
\\mac\home\desktop\gamealaddin_se102_k11_thang_sound\gamealaddin_se102_k11\gamese_102_k11\gameproject\debug\vc141.idb
\\mac\home\desktop\gamealaddin_se102_k11_thang_sound\gamealaddin_se102_k11\gamese_102_k11\gameproject\debug\fireidle.obj
\\mac\home\desktop\gamealaddin_se102_k11_thang_sound\gamealaddin_se102_k11\gamese_102_k11\gameproject\debug\exititem.obj
\\mac\home\desktop\gamealaddin_se102_k11_thang_sound\gamealaddin_se102_k11\gamese_102_k11\gameproject\debug\entity.obj
\\mac\home\desktop\gamealaddin_se102_k11_thang_sound\gamealaddin_se102_k11\gamese_102_k11\gameproject\debug\dxutil.obj
\\mac\home\desktop\gamealaddin_se102_k11_thang_sound\gamealaddin_se102_k11\gamese_102_k11\gameproject\debug\dsutil.obj
\\mac\home\desktop\gamealaddin_se102_k11_thang_sound\gamealaddin_se102_k11\gamese_102_k11\gameproject\debug\debug.obj
\\mac\home\desktop\gamealaddin_se102_k11_thang_sound\gamealaddin_se102_k11\gamese_102_k11\gameproject\debug\column_outitem.obj
\\mac\home\desktop\gamealaddin_se102_k11_thang_sound\gamealaddin_se102_k11\gamese_102_k11\gameproject\debug\collision.obj
\\mac\home\desktop\gamealaddin_se102_k11_thang_sound\gamealaddin_se102_k11\gamese_102_k11\gameproject\debug\chainitem.obj
\\mac\home\desktop\gamealaddin_se102_k11_thang_sound\gamealaddin_se102_k11\gamese_102_k11\gameproject\debug\camera.obj
\\mac\home\desktop\gamealaddin_se102_k11_thang_sound\gamealaddin_se102_k11\gamese_102_k11\gameproject\debug\buttressitem.obj
\\mac\home\desktop\gamealaddin_se102_k11_thang_sound\gamealaddin_se102_k11\gamese_102_k11\gameproject\debug\bossjafar.obj
\\mac\home\desktop\gamealaddin_se102_k11_thang_sound\gamealaddin_se102_k11\gamese_102_k11\gameproject\debug\boneweapon.obj
\\mac\home\desktop\gamealaddin_se102_k11_thang_sound\gamealaddin_se102_k11\gamese_102_k11\gameproject\debug\batitem.obj
\\mac\home\desktop\gamealaddin_se102_k11_thang_sound\gamealaddin_se102_k11\gamese_102_k11\gameproject\debug\barrieritem.obj
\\mac\home\desktop\gamealaddin_se102_k11_thang_sound\gamealaddin_se102_k11\gamese_102_k11\gameproject\debug\audio.obj
\\mac\home\desktop\gamealaddin_se102_k11_thang_sound\gamealaddin_se102_k11\gamese_102_k11\gameproject\debug\appleweapon.obj
\\mac\home\desktop\gamealaddin_se102_k11_thang_sound\gamealaddin_se102_k11\gamese_102_k11\gameproject\debug\appleitem.obj
\\mac\home\desktop\gamealaddin_se102_k11_thang_sound\gamealaddin_se102_k11\gamese_102_k11\gameproject\debug\aladdin.obj
\\mac\home\desktop\gamealaddin_se102_k11_thang_sound\gamealaddin_se102_k11\gamese_102_k11\gameproject\debug\jsoncpp.obj
\\mac\home\desktop\gamealaddin_se102_k11_thang_sound\gamealaddin_se102_k11\gamese_102_k11\gameproject\debug\scenegame.obj
\\mac\home\desktop\gamealaddin_se102_k11_thang_sound\gamealaddin_se102_k11\gamese_102_k11\gameproject\debug\redintro_map.obj
\\mac\home\desktop\gamealaddin_se102_k11_thang_sound\gamealaddin_se102_k11\gamese_102_k11\gameproject\debug\podiumitem.obj
\\mac\home\desktop\gamealaddin_se102_k11_thang_sound\gamealaddin_se102_k11\gamese_102_k11\gameproject\debug\pillaritem.obj
\\mac\home\desktop\gamealaddin_se102_k11_thang_sound\gamealaddin_se102_k11\gamese_102_k11\gameproject\debug\peddleritem.obj
\\mac\home\desktop\gamealaddin_se102_k11_thang_sound\gamealaddin_se102_k11\gamese_102_k11\gameproject\debug\nahbiitem.obj
\\mac\home\desktop\gamealaddin_se102_k11_thang_sound\gamealaddin_se102_k11\gamese_102_k11\gameproject\debug\mapgame.obj
\\mac\home\desktop\gamealaddin_se102_k11_thang_sound\gamealaddin_se102_k11\gamese_102_k11\gameproject\debug\iron_stepitem.obj
\\mac\home\desktop\gamealaddin_se102_k11_thang_sound\gamealaddin_se102_k11\gamese_102_k11\gameproject\debug\input.obj
\\mac\home\desktop\gamealaddin_se102_k11_thang_sound\gamealaddin_se102_k11\gamese_102_k11\gameproject\debug\image.obj
\\mac\home\desktop\gamealaddin_se102_k11_thang_sound\gamealaddin_se102_k11\gamese_102_k11\gameproject\debug\hud_info.obj
\\mac\home\desktop\gamealaddin_se102_k11_thang_sound\gamealaddin_se102_k11\gamese_102_k11\gameproject\debug\heart_balloonitem.obj
\\mac\home\desktop\gamealaddin_se102_k11_thang_sound\gamealaddin_se102_k11\gamese_102_k11\gameproject\debug\hakimitem.obj
\\mac\home\desktop\gamealaddin_se102_k11_thang_sound\gamealaddin_se102_k11\gamese_102_k11\gameproject\debug\ground.obj
\\mac\home\desktop\gamealaddin_se102_k11_thang_sound\gamealaddin_se102_k11\gamese_102_k11\gameproject\debug\grid.obj
\\mac\home\desktop\gamealaddin_se102_k11_thang_sound\gamealaddin_se102_k11\gamese_102_k11\gameproject\debug\graphics.obj
\\mac\home\desktop\gamealaddin_se102_k11_thang_sound\gamealaddin_se102_k11\gamese_102_k11\gameproject\debug\genieitem.obj
\\mac\home\desktop\gamealaddin_se102_k11_thang_sound\gamealaddin_se102_k11\gamese_102_k11\gameproject\debug\gemitem.obj
\\mac\home\desktop\gamealaddin_se102_k11_thang_sound\gamealaddin_se102_k11\gamese_102_k11\gameproject\debug\game.obj
\\mac\home\desktop\gamealaddin_se102_k11_thang_sound\gamealaddin_se102_k11\gamese_102_k11\gameproject\debug\firerun.obj
\\mac\home\desktop\gamealaddin_se102_k11_thang_sound\gamealaddin_se102_k11\gamese_102_k11\gameproject\debug\wooditem.obj
\\mac\home\desktop\gamealaddin_se102_k11_thang_sound\gamealaddin_se102_k11\gamese_102_k11\gameproject\debug\winmain.obj
\\mac\home\desktop\gamealaddin_se102_k11_thang_sound\gamealaddin_se102_k11\gamese_102_k11\gameproject\debug\vaseitem.obj
\\mac\home\desktop\gamealaddin_se102_k11_thang_sound\gamealaddin_se102_k11\gamese_102_k11\gameproject\debug\texturemanager.obj
\\mac\home\desktop\gamealaddin_se102_k11_thang_sound\gamealaddin_se102_k11\gamese_102_k11\gameproject\debug\texture.obj
\\mac\home\desktop\gamealaddin_se102_k11_thang_sound\gamealaddin_se102_k11\gamese_102_k11\gameproject\debug\text.obj
\\mac\home\desktop\gamealaddin_se102_k11_thang_sound\gamealaddin_se102_k11\gamese_102_k11\gameproject\debug\swordweapon.obj
\\mac\home\desktop\gamealaddin_se102_k11_thang_sound\gamealaddin_se102_k11\gamese_102_k11\gameproject\debug\starweapon.obj
\\mac\home\desktop\gamealaddin_se102_k11_thang_sound\gamealaddin_se102_k11\gamese_102_k11\gameproject\debug\stallitem.obj
\\mac\home\desktop\gamealaddin_se102_k11_thang_sound\gamealaddin_se102_k11\gamese_102_k11\gameproject\debug\spearitem.obj
\\mac\home\desktop\gamealaddin_se102_k11_thang_sound\gamealaddin_se102_k11\gamese_102_k11\gameproject\debug\skeletonitem.obj
\\mac\home\desktop\gamealaddin_se102_k11_thang_sound\gamealaddin_se102_k11\gamese_102_k11\gameproject\debug\scenemanager.obj
\\mac\home\desktop\gamealaddin_se102_k11_thang_sound\gamealaddin_se102_k11\gamese_102_k11\gameproject\debug\sceneintro.obj
\\mac\home\documents\github\gamealaddin_se102_k11\gamese_102_k11\gameproject\debug\vc141.pdb
\\mac\home\documents\github\gamealaddin_se102_k11\gamese_102_k11\gameproject\debug\vc141.idb
\\mac\home\documents\github\gamealaddin_se102_k11\gamese_102_k11\gameproject\debug\fireidle.obj
\\mac\home\documents\github\gamealaddin_se102_k11\gamese_102_k11\gameproject\debug\exititem.obj
\\mac\home\documents\github\gamealaddin_se102_k11\gamese_102_k11\gameproject\debug\entity.obj
\\mac\home\documents\github\gamealaddin_se102_k11\gamese_102_k11\gameproject\debug\dxutil.obj
\\mac\home\documents\github\gamealaddin_se102_k11\gamese_102_k11\gameproject\debug\dsutil.obj
\\mac\home\documents\github\gamealaddin_se102_k11\gamese_102_k11\gameproject\debug\debug.obj
\\mac\home\documents\github\gamealaddin_se102_k11\gamese_102_k11\gameproject\debug\column_outitem.obj
\\mac\home\documents\github\gamealaddin_se102_k11\gamese_102_k11\gameproject\debug\collision.obj
\\mac\home\documents\github\gamealaddin_se102_k11\gamese_102_k11\gameproject\debug\chainitem.obj
\\mac\home\documents\github\gamealaddin_se102_k11\gamese_102_k11\gameproject\debug\camera.obj
\\mac\home\documents\github\gamealaddin_se102_k11\gamese_102_k11\gameproject\debug\buttressitem.obj
\\mac\home\documents\github\gamealaddin_se102_k11\gamese_102_k11\gameproject\debug\bossjafar.obj
\\mac\home\documents\github\gamealaddin_se102_k11\gamese_102_k11\gameproject\debug\boneweapon.obj
\\mac\home\documents\github\gamealaddin_se102_k11\gamese_102_k11\gameproject\debug\batitem.obj
\\mac\home\documents\github\gamealaddin_se102_k11\gamese_102_k11\gameproject\debug\barrieritem.obj
\\mac\home\documents\github\gamealaddin_se102_k11\gamese_102_k11\gameproject\debug\audio.obj
\\mac\home\documents\github\gamealaddin_se102_k11\gamese_102_k11\gameproject\debug\appleweapon.obj
\\mac\home\documents\github\gamealaddin_se102_k11\gamese_102_k11\gameproject\debug\appleitem.obj
\\mac\home\documents\github\gamealaddin_se102_k11\gamese_102_k11\gameproject\debug\aladdin.obj
\\mac\home\documents\github\gamealaddin_se102_k11\gamese_102_k11\gameproject\debug\jsoncpp.obj
\\mac\home\documents\github\gamealaddin_se102_k11\gamese_102_k11\gameproject\debug\scenegame.obj
\\mac\home\documents\github\gamealaddin_se102_k11\gamese_102_k11\gameproject\debug\redintro_map.obj
\\mac\home\documents\github\gamealaddin_se102_k11\gamese_102_k11\gameproject\debug\podiumitem.obj
\\mac\home\documents\github\gamealaddin_se102_k11\gamese_102_k11\gameproject\debug\pillaritem.obj
\\mac\home\documents\github\gamealaddin_se102_k11\gamese_102_k11\gameproject\debug\peddleritem.obj
\\mac\home\documents\github\gamealaddin_se102_k11\gamese_102_k11\gameproject\debug\nahbiitem.obj
\\mac\home\documents\github\gamealaddin_se102_k11\gamese_102_k11\gameproject\debug\mapgame.obj
\\mac\home\documents\github\gamealaddin_se102_k11\gamese_102_k11\gameproject\debug\iron_stepitem.obj
\\mac\home\documents\github\gamealaddin_se102_k11\gamese_102_k11\gameproject\debug\input.obj
\\mac\home\documents\github\gamealaddin_se102_k11\gamese_102_k11\gameproject\debug\image.obj
\\mac\home\documents\github\gamealaddin_se102_k11\gamese_102_k11\gameproject\debug\hud_info.obj
\\mac\home\documents\github\gamealaddin_se102_k11\gamese_102_k11\gameproject\debug\heart_balloonitem.obj
\\mac\home\documents\github\gamealaddin_se102_k11\gamese_102_k11\gameproject\debug\hakimitem.obj
\\mac\home\documents\github\gamealaddin_se102_k11\gamese_102_k11\gameproject\debug\ground.obj
\\mac\home\documents\github\gamealaddin_se102_k11\gamese_102_k11\gameproject\debug\grid.obj
\\mac\home\documents\github\gamealaddin_se102_k11\gamese_102_k11\gameproject\debug\graphics.obj
\\mac\home\documents\github\gamealaddin_se102_k11\gamese_102_k11\gameproject\debug\genieitem.obj
\\mac\home\documents\github\gamealaddin_se102_k11\gamese_102_k11\gameproject\debug\gemitem.obj
\\mac\home\documents\github\gamealaddin_se102_k11\gamese_102_k11\gameproject\debug\game.obj
\\mac\home\documents\github\gamealaddin_se102_k11\gamese_102_k11\gameproject\debug\firerun.obj
\\mac\home\documents\github\gamealaddin_se102_k11\gamese_102_k11\gameproject\debug\wooditem.obj
\\mac\home\documents\github\gamealaddin_se102_k11\gamese_102_k11\gameproject\debug\winmain.obj
\\mac\home\documents\github\gamealaddin_se102_k11\gamese_102_k11\gameproject\debug\vaseitem.obj
\\mac\home\documents\github\gamealaddin_se102_k11\gamese_102_k11\gameproject\debug\texturemanager.obj
\\mac\home\documents\github\gamealaddin_se102_k11\gamese_102_k11\gameproject\debug\texture.obj
\\mac\home\documents\github\gamealaddin_se102_k11\gamese_102_k11\gameproject\debug\text.obj
\\mac\home\documents\github\gamealaddin_se102_k11\gamese_102_k11\gameproject\debug\swordweapon.obj
\\mac\home\documents\github\gamealaddin_se102_k11\gamese_102_k11\gameproject\debug\starweapon.obj
\\mac\home\documents\github\gamealaddin_se102_k11\gamese_102_k11\gameproject\debug\stallitem.obj
\\mac\home\documents\github\gamealaddin_se102_k11\gamese_102_k11\gameproject\debug\spearitem.obj
\\mac\home\documents\github\gamealaddin_se102_k11\gamese_102_k11\gameproject\debug\skeletonitem.obj
\\mac\home\documents\github\gamealaddin_se102_k11\gamese_102_k11\gameproject\debug\scenemanager.obj
\\mac\home\documents\github\gamealaddin_se102_k11\gamese_102_k11\gameproject\debug\sceneintro.obj
\\mac\home\documents\github\gamealaddin_se102_k11\gamese_102_k11\gameproject\debug\completescreen.obj
\\mac\home\documents\github\gamealaddin_se102_k11\gamese_102_k11\gameproject\debug\gameproject.tlog\link.read.1.tlog
\\mac\home\documents\github\gamealaddin_se102_k11\gamese_102_k11\gameproject\debug\gameproject.tlog\link.command.1.tlog
\\mac\home\documents\github\gamealaddin_se102_k11\gamese_102_k11\gameproject\debug\gameproject.tlog\link.write.1.tlog
\\mac\home\documents\github\gamealaddin_se102_k11\gamese_102_k11\gameproject\debug\gameproject.tlog\cl.read.1.tlog
\\mac\home\documents\github\gamealaddin_se102_k11\gamese_102_k11\gameproject\debug\gameproject.tlog\cl.command.1.tlog
\\mac\home\documents\github\gamealaddin_se102_k11\gamese_102_k11\gameproject\debug\gameproject.tlog\cl.write.1.tlog
